<?xml version="1.0" encoding="UTF-8"?>
<!-- Generated by org.testng.reporters.JUnitReportReporter -->
<testsuite skipped="0" hostname="sparsh1604" name="testNGScripts.SampleTest" tests="1" failures="0" timestamp="02 Sep 2017 17:24:24 GMT" time="0.017" errors="0">
  <testcase name="sample" time="0.017" classname="testNGScripts.SampleTest"/>
</testsuite> <!-- testNGScripts.SampleTest -->
