<?xml version="1.0" encoding="UTF-8"?>
<!-- Generated by org.testng.reporters.JUnitReportReporter -->
<testsuite skipped="0" hostname="sparsh1604" name="testNGScripts.SampleTest" tests="1" failures="0" timestamp="03 Sep 2017 13:30:20 GMT" time="0.010" errors="0">
  <testcase name="sample" time="0.010" classname="testNGScripts.SampleTest"/>
</testsuite> <!-- testNGScripts.SampleTest -->
